<?xml version="1.0" encoding="UTF-8"?>
<testng-results skipped="0" failed="0" total="2" passed="2">
  <reporter-output>
  </reporter-output>
  <suite name="Default suite" duration-ms="124" started-at="2016-03-04T01:26:38Z" finished-at="2016-03-04T01:26:38Z">
    <groups>
    </groups>
    <test name="Default test" duration-ms="124" started-at="2016-03-04T01:26:38Z" finished-at="2016-03-04T01:26:38Z">
      <class name="day13.Testng">
        <test-method status="PASS" signature="btest()[pri:0, instance:day13.Testng@579acd13]" name="btest" is-config="true" duration-ms="34" started-at="2016-03-04T06:56:38Z" finished-at="2016-03-04T06:56:38Z">
          <reporter-output>
          </reporter-output>
        </test-method> <!-- btest -->
        <test-method status="PASS" signature="bclass()[pri:0, instance:day13.Testng@579acd13]" name="bclass" is-config="true" duration-ms="1" started-at="2016-03-04T06:56:38Z" finished-at="2016-03-04T06:56:38Z">
          <reporter-output>
          </reporter-output>
        </test-method> <!-- bclass -->
        <test-method status="PASS" signature="before()[pri:0, instance:day13.Testng@579acd13]" name="before" is-config="true" duration-ms="1" started-at="2016-03-04T06:56:38Z" finished-at="2016-03-04T06:56:38Z">
          <reporter-output>
          </reporter-output>
        </test-method> <!-- before -->
        <test-method status="PASS" signature="function1()[pri:0, instance:day13.Testng@579acd13]" name="function1" duration-ms="20" started-at="2016-03-04T06:56:38Z" finished-at="2016-03-04T06:56:38Z">
          <reporter-output>
          </reporter-output>
        </test-method> <!-- function1 -->
        <test-method status="PASS" signature="after()[pri:0, instance:day13.Testng@579acd13]" name="after" is-config="true" duration-ms="1" started-at="2016-03-04T06:56:38Z" finished-at="2016-03-04T06:56:38Z">
          <reporter-output>
          </reporter-output>
        </test-method> <!-- after -->
        <test-method status="PASS" signature="before()[pri:0, instance:day13.Testng@579acd13]" name="before" is-config="true" duration-ms="1" started-at="2016-03-04T06:56:38Z" finished-at="2016-03-04T06:56:38Z">
          <reporter-output>
          </reporter-output>
        </test-method> <!-- before -->
        <test-method status="PASS" signature="a()[pri:2, instance:day13.Testng@579acd13]" name="a" duration-ms="1" started-at="2016-03-04T06:56:38Z" finished-at="2016-03-04T06:56:38Z">
          <reporter-output>
          </reporter-output>
        </test-method> <!-- a -->
        <test-method status="PASS" signature="after()[pri:0, instance:day13.Testng@579acd13]" name="after" is-config="true" duration-ms="1" started-at="2016-03-04T06:56:38Z" finished-at="2016-03-04T06:56:38Z">
          <reporter-output>
          </reporter-output>
        </test-method> <!-- after -->
        <test-method status="PASS" signature="aclass()[pri:0, instance:day13.Testng@579acd13]" name="aclass" is-config="true" duration-ms="1" started-at="2016-03-04T06:56:38Z" finished-at="2016-03-04T06:56:38Z">
          <reporter-output>
          </reporter-output>
        </test-method> <!-- aclass -->
        <test-method status="PASS" signature="atest()[pri:0, instance:day13.Testng@579acd13]" name="atest" is-config="true" duration-ms="0" started-at="2016-03-04T06:56:38Z" finished-at="2016-03-04T06:56:38Z">
          <reporter-output>
          </reporter-output>
        </test-method> <!-- atest -->
      </class> <!-- day13.Testng -->
    </test> <!-- Default test -->
  </suite> <!-- Default suite -->
</testng-results>
